android/build/intermediates/manifest_merge_blame_file/debug/manifest-merger-blame-debug-report.txt
1<?xml version="1.0" encoding="utf-8"?>
2<manifest xmlns:android="http://schemas.android.com/apk/res/android"
3    package="com.reactnative.ivpusic.imagepicker"
4    android:versionCode="1" >
5
6    <uses-sdk
7        android:minSdkVersion="21"
7-->src\main\AndroidManifest.xml
8        android:targetSdkVersion="30" />
8-->src\main\AndroidManifest.xml
9
10    <queries>
10-->src\main\AndroidManifest.xml:4:5-8:15
11        <intent>
11-->src\main\AndroidManifest.xml:5:9-7:18
12            <action android:name="android.media.action.IMAGE_CAPTURE" />
12-->src\main\AndroidManifest.xml:6:13-73
12-->src\main\AndroidManifest.xml:6:21-70
13        </intent>
14    </queries>
15
16    <uses-permission android:name="android.permission.WRITE_EXTERNAL_STORAGE" />
16-->src\main\AndroidManifest.xml:10:5-81
16-->src\main\AndroidManifest.xml:10:22-78
17
18    <application>
18-->src\main\AndroidManifest.xml:12:5-27:19
19        <provider
19-->src\main\AndroidManifest.xml:14:9-22:20
20            android:name="androidx.core.content.FileProvider"
20-->src\main\AndroidManifest.xml:15:13-62
21            android:authorities="dollar_openBracket_applicationId_closeBracket.provider"
21-->src\main\AndroidManifest.xml:16:13-60
22            android:exported="false"
22-->src\main\AndroidManifest.xml:17:13-37
23            android:grantUriPermissions="true" >
23-->src\main\AndroidManifest.xml:18:13-47
24            <meta-data
24-->src\main\AndroidManifest.xml:19:13-21:58
25                android:name="android.support.FILE_PROVIDER_PATHS"
25-->src\main\AndroidManifest.xml:20:17-67
26                android:resource="@xml/provider_paths" />
26-->src\main\AndroidManifest.xml:21:17-55
27        </provider>
28
29        <activity
29-->src\main\AndroidManifest.xml:24:9-26:72
30            android:name="com.yalantis.ucrop.UCropActivity"
30-->src\main\AndroidManifest.xml:25:13-60
31            android:theme="@style/Theme.AppCompat.Light.NoActionBar" />
31-->src\main\AndroidManifest.xml:26:13-69
32    </application>
33
34</manifest>